#
# $static-counts
#
#     opcode       count-unpredicated    count-predicated
#
   7 ADC                          169                0
  10 ADD                        13559                0
  13 ADDSD                          5                0
  14 ADDSS                          6                0
  17 ADD_LOCK                       6                0
  33 AND                         5477                0
  35 ANDNPD                         1                0
  36 ANDNPS                         1                0
  37 ANDPD                         13                0
  38 ANDPS                          5                0
  67 BSF                          248                0
  68 BSR                           97                0
  69 BSWAP                        169                0
  70 BT                            85                0
  71 BTC                            2                0
  73 BTR                           15                0
  75 BTS                           35                0
  79 CALL_NEAR                  15717                0
  97 CDQ                           13                0
  98 CDQE                         478                0
 117 CLD                            7                0
 145 CMP                        24418                0
 164 CMPSD_XMM                      1                0
 169 CMPXCHG                      272                0
 174 CMPXCHG_LOCK                 286                0
 176 COMISD                        11                0
 178 CPUID                         27                0
 179 CQO                           17                0
 209 CVTSI2SD                       6                0
 210 CVTSI2SS                       3                0
 211 CVTSS2SD                       1                0
 218 CVTTSS2SI                      1                0
 220 CWDE                           1                0
 223 DEC                           11                0
 224 DEC_LOCK                       3                0
 225 DIV                          125                0
 228 DIVSD                          7                0
 229 DIVSS                          4                0
 234 ENCLU                          1                0
 248 FABS                           8                0
 249 FADD                           2                0
 250 FADDP                          2                0
 253 FCHS                          10                0
 263 FCOMI                          9                0
 264 FCOMIP                         2                0
 270 FDIV                           1                0
 271 FDIVP                          2                0
 283 FILD                           3                0
 291 FLD                          127                0
 292 FLD1                           5                0
 293 FLDCW                          1                0
 294 FLDENV                         6                0
 300 FLDZ                          12                0
 301 FMUL                           8                0
 302 FMULP                         14                0
 307 FNSTCW                        11                0
 308 FNSTENV                        5                0
 309 FNSTSW                         7                0
 316 FSCALE                         1                0
 322 FSTP                         110                0
 325 FSUBP                          1                0
 327 FSUBRP                         2                0
 330 FUCOMI                         5                0
 331 FUCOMIP                       10                0
 334 FWAIT                          3                0
 335 FXAM                           7                0
 336 FXCH                          17                0
 337 FXRSTOR                        1                0
 339 FXSAVE                         1                0
 350 HLT                           15                0
 354 IDIV                          24                0
 355 IMUL                         414                0
 357 INC                           79                0
 359 INCSSPQ                        7                0
 360 INC_LOCK                       5                0
 380 JB                          1268                0
 381 JBE                         2958                0
 384 JL                           284                0
 385 JLE                         1541                0
 386 JMP                        17737                0
 389 JNB                         1710                0
 390 JNBE                        2508                0
 391 JNL                          177                0
 392 JNLE                        1212                0
 393 JNO                            1                0
 395 JNS                          271                0
 396 JNZ                        15811                0
 397 JO                             8                0
 398 JP                            14                0
 399 JRCXZ                          2                0
 400 JS                           797                0
 401 JZ                         19832                0
 455 LDDQU                        572                0
 456 LDMXCSR                        2                0
 459 LEA                        23927                0
 460 LEAVE                          7                0
 462 LFENCE                        17                0
 479 LSL                            1                0
 499 MOV                       120171                0
 500 MOVAPD                        26                0
 501 MOVAPS                      5822                0
 502 MOVBE                          4                0
 503 MOVD                          90                0
 508 MOVDQA                      4766                0
 509 MOVDQU                      2770                0
 510 MOVHLPS                        1                0
 511 MOVHPD                        20                0
 512 MOVHPS                        55                0
 514 MOVLPD                       102                0
 516 MOVMSKPD                       6                0
 517 MOVMSKPS                       6                0
 518 MOVNTDQ                       90                0
 526 MOVQ                         421                0
 528 MOVSB                          1                0
 530 MOVSD_XMM                    117                0
 533 MOVSQ                          1                0
 534 MOVSS                         64                0
 536 MOVSX                        736                0
 537 MOVSXD                      2598                0
 539 MOVUPS                      1259                0
 540 MOVZX                       4956                0
 544 MUL                          134                0
 547 MULSD                         20                0
 548 MULSS                         15                0
 552 NEG                          699                0
 554 NOP                        20158                0
 563 NOT                          224                0
 565 OR                          2821                0
 566 ORPD                           4                0
 567 ORPS                           3                0
 568 OR_LOCK                        1                0
 580 PADDB                          4                0
 581 PADDD                         14                0
 582 PADDQ                         77                0
 588 PALIGNR                     1902                0
 589 PAND                        1285                0
 590 PANDN                          4                0
 591 PAUSE                          8                0
 599 PCMPEQB                     2437                0
 600 PCMPEQD                      211                0
 607 PCMPGTB                     1200                0
 608 PCMPGTD                        7                0
 611 PCMPISTRI                    213                0
 620 PEXTRW                        14                0
 653 PINSRW                         7                0
 659 PMAXUB                        18                0
 665 PMINUB                       422                0
 666 PMINUD                         3                0
 668 PMOVMSKB                    1968                0
 688 PMULUDQ                        6                0
 689 POP                         8944                0
 694 POPCNT                         1                0
 699 POR                          855                0
 702 PREFETCHNTA                   84                0
 703 PREFETCHT0                    48                0
 704 PREFETCHT1                    64                0
 711 PSHUFB                         6                0
 712 PSHUFD                        24                0
 720 PSLLDQ                       390                0
 721 PSLLQ                          2                0
 727 PSRLDQ                       554                0
 730 PSUBB                        609                0
 731 PSUBD                          8                0
 732 PSUBQ                          5                0
 735 PSUBUSB                        4                0
 739 PTEST                        227                0
 741 PUNPCKHBW                      4                0
 742 PUNPCKHDQ                     23                0
 743 PUNPCKHQDQ                     2                0
 744 PUNPCKHWD                      8                0
 745 PUNPCKLBW                     27                0
 746 PUNPCKLDQ                     37                0
 747 PUNPCKLQDQ                   196                0
 748 PUNPCKLWD                     17                0
 749 PUSH                        7677                0
 759 PXOR                        1207                0
 768 RDPID                          1                0
 769 RDPKRU                         2                0
 776 RDTSC                         34                0
 777 RDTSCP                        24                0
 822 RET_NEAR                    5637                0
 825 ROL                          125                0
 826 ROR                          280                0
 835 RSTORSSP                       4                0
 838 SAR                          578                0
 840 SAVEPREVSSP                    4                0
 841 SBB                          347                0
 852 SETB                          38                0
 853 SETBE                         27                0
 854 SETL                          23                0
 855 SETLE                         17                0
 856 SETNB                         84                0
 857 SETNBE                       133                0
 858 SETNL                         30                0
 859 SETNLE                        90                0
 863 SETNZ                        429                0
 864 SETO                           4                0
 865 SETP                           3                0
 868 SETZ                         519                0
 869 SFENCE                        17                0
 878 SHL                         1748                0
 879 SHLD                          11                0
 881 SHR                         2117                0
 882 SHRD                          15                0
 884 SHUFPD                        54                0
 885 SHUFPS                        11                0
 897 STD                            1                0
 900 STMXCSR                       10                0
 908 SUB                        11842                0
 911 SUBSD                          2                0
 912 SUBSS                          1                0
 913 SUB_LOCK                      25                0
 915 SYSCALL                      783                0
 932 TEST                       20071                0
 941 TZCNT                        126                0
 943 UCOMISD                       16                0
 944 UCOMISS                        4                0
 947 UD2                          310                0
1002 VBROADCASTSS                   1                0
1319 VMOVAPS                        8                0
1320 VMOVD                         19                0
1322 VMOVDQA                      464                0
1324 VMOVDQA64                     32                0
1325 VMOVDQU                      493                0
1328 VMOVDQU64                    102                0
1338 VMOVNTDQ                      32                0
1342 VMOVQ                         16                0
1349 VMOVUPS                      173                0
1389 VPALIGNR                      60                0
1390 VPAND                        218                0
1392 VPANDN                       200                0
1405 VPBROADCASTB                  10                0
1406 VPBROADCASTD                   5                0
1409 VPBROADCASTQ                   3                0
1415 VPCMPEQB                     418                0
1416 VPCMPEQD                     159                0
1417 VPCMPEQQ                      20                0
1423 VPCMPGTB                     400                0
1427 VPCMPISTRI                    96                0
1561 VPMINUB                       86                0
1562 VPMINUD                       40                0
1573 VPMOVMSKB                    492                0
1617 VPOR                         251                0
1658 VPSHUFB                        1                0
1667 VPSLLDQ                       30                0
1680 VPSRLDQ                       30                0
1686 VPSUBB                        34                0
1696 VPTEST                         6                0
1713 VPXOR                         26                0
1817 VZEROUPPER                   303                0
1825 WRPKRU                         1                0
1832 XADD_LOCK                      6                0
1834 XCHG                         408                0
1836 XGETBV                         1                0
1838 XOR                        10675                0
1839 XORPD                          6                0
1840 XORPS                          2                0
1843 XRSTOR                         2                0
1847 XSAVE                          1                0
1849 XSAVEC                         1                0
3000 *total                    412809                0
3001 *mem-atomic                  685                0
3002 *stack-read                38448               95
3003 *stack-write               42596                0
3004 *iprel-read                 6936               10
3005 *iprel-write                2647                0
3007 *mem-read-1                 7169              120
3008 *mem-read-2                  988                0
3010 *mem-read-4                16615               81
3014 *mem-read-8                52325              103
3016 *mem-read-10                  93                0
3022 *mem-read-16                8015                0
3034 *mem-read-28                   6                0
3038 *mem-read-32                 603                0
3070 *mem-read-64                 320                0
3518 *mem-write-0                   1                0
3519 *mem-write-1                3544               10
3520 *mem-write-2                 580                0
3522 *mem-write-4               11108                2
3526 *mem-write-8               43414               73
3528 *mem-write-10                 36                0
3534 *mem-write-16               5741                0
3546 *mem-write-28                  5                0
3550 *mem-write-32                289                0
3582 *mem-write-64                214                0
4030 LAST                           1                0
4094 LAST                           2                0

#
# $dynamic-counts
#
#     opcode       count-unpredicated    count-predicated
#
  10 ADD                        39211                0
  33 AND                         7863                0
  67 BSF                          332                0
  68 BSR                            2                0
  70 BT                            36                0
  79 CALL_NEAR                   3365                0
  98 CDQE                          44                0
 129 CMOVB                          0               56
 130 CMOVBE                         0                2
 133 CMOVNB                         0                5
 134 CMOVNBE                        0               64
 136 CMOVNLE                        0                1
 139 CMOVNS                         0                3
 140 CMOVNZ                         0               33
 143 CMOVS                          0                3
 144 CMOVZ                          0              433
 145 CMP                        38734                0
 169 CMPXCHG                        2                0
 178 CPUID                         31                0
 179 CQO                            3                0
 225 DIV                          194                0
 354 IDIV                           3                0
 355 IMUL                         148                0
 380 JB                          3041                0
 381 JBE                         1227                0
 384 JL                             3                0
 385 JLE                           42                0
 386 JMP                         7591                0
 389 JNB                          922                0
 390 JNBE                       10371                0
 391 JNL                            4                0
 392 JNLE                         167                0
 395 JNS                           15                0
 396 JNZ                        20288                0
 400 JS                           474                0
 401 JZ                         29011                0
 459 LEA                        14724                0
 499 MOV                        77541                0
 501 MOVAPS                       505                0
 503 MOVD                          14                0
 508 MOVDQA                       951                0
 509 MOVDQU                       132                0
 511 MOVHPD                       362                0
 512 MOVHPS                         8                0
 514 MOVLPD                       362                0
 526 MOVQ                         515                0
 536 MOVSX                       1708                0
 537 MOVSXD                      1061                0
 539 MOVUPS                       258                0
 540 MOVZX                      17111                0
 544 MUL                           10                0
 552 NEG                           81                0
 554 NOP                         4710                0
 563 NOT                          183                0
 565 OR                           794                0
 582 PADDQ                          4                0
 599 PCMPEQB                      965                0
 600 PCMPEQD                        4                0
 668 PMOVMSKB                     498                0
 689 POP                         5566                0
 699 POR                          137                0
 712 PSHUFD                        13                0
 720 PSLLDQ                       263                0
 727 PSRLDQ                       127                0
 730 PSUBB                        457                0
 745 PUNPCKLBW                     12                0
 747 PUNPCKLQDQ                   321                0
 748 PUNPCKLWD                     12                0
 749 PUSH                        7540                0
 759 PXOR                         711                0
 776 RDTSC                          8                0
 822 RET_NEAR                    3353                0
 825 ROL                           19                0
 826 ROR                            3                0
 838 SAR                         2768                0
 841 SBB                            3                0
 852 SETB                           7                0
 853 SETBE                         79                0
 859 SETNLE                         7                0
 863 SETNZ                         65                0
 868 SETZ                         601                0
 878 SHL                         2301                0
 881 SHR                         3151                0
 884 SHUFPD                         3                0
 903 STOSQ                          0              366
 908 SUB                        14331                0
 915 SYSCALL                       88                0
 932 TEST                       25463                0
 941 TZCNT                         29                0
1320 VMOVD                         18                0
1322 VMOVDQA                    18715                0
1325 VMOVDQU                    22534                0
1405 VPBROADCASTB                  19                0
1415 VPCMPEQB                      65                0
1561 VPMINUB                        4                0
1573 VPMOVMSKB                     41                0
1617 VPOR                          20                0
1713 VPXOR                         30                0
1817 VZEROUPPER                   411                0
1834 XCHG                         324                0
1836 XGETBV                         1                0
1838 XOR                         1788                0
1843 XRSTOR                         2                0
1849 XSAVEC                         2                0
3000 *total                    397037              966
3002 *stack-read                18691                0
3003 *stack-write               18347                0
3004 *iprel-read                 4732                0
3005 *iprel-write                 655                0
3007 *mem-read-1                18209                0
3008 *mem-read-2                 3346                0
3010 *mem-read-4                10545                0
3014 *mem-read-8                42408                0
3022 *mem-read-16                 842                0
3038 *mem-read-32               20656                0
3519 *mem-write-1                 608                0
3520 *mem-write-2                  41                0
3522 *mem-write-4                3192                0
3526 *mem-write-8               21079                0
3534 *mem-write-16                893                0
3550 *mem-write-32              20612                0
3582 *mem-write-64                  2                0
4094 LAST                           2                0
# $eof
